Server running at http://localhost:3000
INCOMING: GET /
OUTGOING: 200 / (/Users/heinebautz/portfolio-github/Calendarify/index.html)
INCOMING: GET /
OUTGOING: 200 / (/Users/heinebautz/portfolio-github/Calendarify/index.html)
INCOMING: GET /dashboard
OUTGOING: 200 /dashboard (/Users/heinebautz/portfolio-github/Calendarify/dashboard/index.html)
INCOMING: GET /dashboard/dashboard.css
INCOMING: GET /auth.js
INCOMING: GET /config.js
OUTGOING: 200 /auth.js (/Users/heinebautz/portfolio-github/Calendarify/auth.js)
OUTGOING: 200 /dashboard/dashboard.css (/Users/heinebautz/portfolio-github/Calendarify/dashboard/dashboard.css)
INCOMING: GET /dashboard/dashboard.js
OUTGOING: 200 /dashboard/dashboard.js (/Users/heinebautz/portfolio-github/Calendarify/dashboard/dashboard.js)
INCOMING: GET /.well-known/appspecific/com.chrome.devtools.json
OUTGOING: 404 /.well-known/appspecific/com.chrome.devtools.json (/Users/heinebautz/portfolio-github/Calendarify/.well-known/appspecific/com.chrome.devtools.json)
INCOMING: GET /dashboard?zoom_success=true
OUTGOING: 200 /dashboard?zoom_success=true (/Users/heinebautz/portfolio-github/Calendarify/dashboard/index.html)
INCOMING: GET /.well-known/appspecific/com.chrome.devtools.json
OUTGOING: 404 /.well-known/appspecific/com.chrome.devtools.json (/Users/heinebautz/portfolio-github/Calendarify/.well-known/appspecific/com.chrome.devtools.json)
INCOMING: GET /dashboard/dashboard.css
INCOMING: GET /auth.js
INCOMING: GET /config.js
OUTGOING: 200 /dashboard/dashboard.css (/Users/heinebautz/portfolio-github/Calendarify/dashboard/dashboard.css)
OUTGOING: 200 /auth.js (/Users/heinebautz/portfolio-github/Calendarify/auth.js)
INCOMING: GET /dashboard/dashboard.js
OUTGOING: 200 /dashboard/dashboard.js (/Users/heinebautz/portfolio-github/Calendarify/dashboard/dashboard.js)
INCOMING: GET /dashboard?zoom_success=true
OUTGOING: 200 /dashboard?zoom_success=true (/Users/heinebautz/portfolio-github/Calendarify/dashboard/index.html)
INCOMING: GET /.well-known/appspecific/com.chrome.devtools.json
INCOMING: GET /dashboard/dashboard.css
OUTGOING: 404 /.well-known/appspecific/com.chrome.devtools.json (/Users/heinebautz/portfolio-github/Calendarify/.well-known/appspecific/com.chrome.devtools.json)
INCOMING: GET /auth.js
INCOMING: GET /config.js
OUTGOING: 200 /dashboard/dashboard.css (/Users/heinebautz/portfolio-github/Calendarify/dashboard/dashboard.css)
OUTGOING: 200 /auth.js (/Users/heinebautz/portfolio-github/Calendarify/auth.js)
INCOMING: GET /dashboard/dashboard.js
OUTGOING: 200 /dashboard/dashboard.js (/Users/heinebautz/portfolio-github/Calendarify/dashboard/dashboard.js)
