[2025-07-18T12:50:27.584Z] isZoomConnected {"userId":"be9a5419-566a-43af-9f74-ff43cbfc2b25","connected":false}
[2025-07-18T12:50:27.633Z] isZoomConnected {"userId":"be9a5419-566a-43af-9f74-ff43cbfc2b25","connected":false}
[2025-07-18T12:50:29.076Z] generateZoomAuthUrl {"userId":"be9a5419-566a-43af-9f74-ff43cbfc2b25","url":"https://zoom.us/oauth/authorize?response_type=code&client_id=2SYSTJH9QNS6ZZqW3yiR3w&redirect_uri=http%3A%2F%2Flocalhost%3A3001%2Fapi%2Fintegrations%2Fzoom%2Fcallback&state=eyJhbGciOiJIUzI1NiIsInR5cCI6IkpXVCJ9.eyJzdWIiOiJiZTlhNTQxOS01NjZhLTQzYWYtOWY3NC1mZjQzY2JmYzJiMjUiLCJpYXQiOjE3NTI4NDMwMjksImV4cCI6MTc1Mjg0MzYyOX0.qr6hf8J3uBVmp_ltHiNku6XtkqEbnlVN4vhSsCycyWE"}
[2025-07-18T12:57:02.183Z] isZoomConnected {"userId":"be9a5419-566a-43af-9f74-ff43cbfc2b25","connected":false}
[2025-07-18T12:57:02.234Z] isZoomConnected {"userId":"be9a5419-566a-43af-9f74-ff43cbfc2b25","connected":false}
[2025-07-18T12:57:03.985Z] generateZoomAuthUrl {"userId":"be9a5419-566a-43af-9f74-ff43cbfc2b25","url":"https://zoom.us/oauth/authorize?response_type=code&client_id=2SYSTJH9QNS6ZZqW3yiR3w&redirect_uri=http%3A%2F%2Flocalhost%3A3001%2Fapi%2Fintegrations%2Fzoom%2Fcallback&state=eyJhbGciOiJIUzI1NiIsInR5cCI6IkpXVCJ9.eyJzdWIiOiJiZTlhNTQxOS01NjZhLTQzYWYtOWY3NC1mZjQzY2JmYzJiMjUiLCJpYXQiOjE3NTI4NDM0MjMsImV4cCI6MTc1Mjg0NDAyM30.WqOYgDTHN8s8uqSXtTUlQK5QdPsCt_329s0tfum9jk4"}
[2025-07-18T12:58:31.093Z] isZoomConnected {"userId":"be9a5419-566a-43af-9f74-ff43cbfc2b25","connected":false}
[2025-07-18T12:58:31.137Z] isZoomConnected {"userId":"be9a5419-566a-43af-9f74-ff43cbfc2b25","connected":false}
[2025-07-18T12:58:32.584Z] generateZoomAuthUrl {"userId":"be9a5419-566a-43af-9f74-ff43cbfc2b25","url":"https://zoom.us/oauth/authorize?response_type=code&client_id=vfWc8HYwRtGyp7BwG8zCeQ&redirect_uri=http%3A%2F%2Flocalhost%3A3001%2Fapi%2Fintegrations%2Fzoom%2Fcallback&state=eyJhbGciOiJIUzI1NiIsInR5cCI6IkpXVCJ9.eyJzdWIiOiJiZTlhNTQxOS01NjZhLTQzYWYtOWY3NC1mZjQzY2JmYzJiMjUiLCJpYXQiOjE3NTI4NDM1MTIsImV4cCI6MTc1Mjg0NDExMn0.EgugbzEE3FC96UoUM9s5SMjq23cx93tzhNl9kvD4nvU"}
[2025-07-18T14:51:36.893Z] isZoomConnected {"userId":"be9a5419-566a-43af-9f74-ff43cbfc2b25","connected":false}
[2025-07-18T14:51:36.945Z] isZoomConnected {"userId":"be9a5419-566a-43af-9f74-ff43cbfc2b25","connected":false}
[2025-07-18T14:51:39.003Z] generateZoomAuthUrl {"userId":"be9a5419-566a-43af-9f74-ff43cbfc2b25","url":"https://zoom.us/oauth/authorize?response_type=code&client_id=vfWc8HYwRtGyp7BwG8zCeQ&redirect_uri=http%3A%2F%2Flocalhost%3A3001%2Fapi%2Fintegrations%2Fzoom%2Fcallback&state=eyJhbGciOiJIUzI1NiIsInR5cCI6IkpXVCJ9.eyJzdWIiOiJiZTlhNTQxOS01NjZhLTQzYWYtOWY3NC1mZjQzY2JmYzJiMjUiLCJpYXQiOjE3NTI4NTAyOTksImV4cCI6MTc1Mjg1MDg5OX0.PUq0OTwU0uny5_7avqOzObvguofLbIcmYooUjFt5xW4"}
[2025-07-18T14:51:42.368Z] handleZoomCallback start {"code":"Jo0FgBOZIWCYtk7kOGETFO_vLhU5gtGTg","state":"eyJhbGciOiJIUzI1NiIsInR5cCI6IkpXVCJ9.eyJzdWIiOiJiZTlhNTQxOS01NjZhLTQzYWYtOWY3NC1mZjQzY2JmYzJiMjUiLCJpYXQiOjE3NTI4NTAyOTksImV4cCI6MTc1Mjg1MDg5OX0.PUq0OTwU0uny5_7avqOzObvguofLbIcmYooUjFt5xW4"}
[2025-07-18T14:51:42.796Z] token response {"access_token":"eyJzdiI6IjAwMDAwMiIsImFsZyI6IkhTNTEyIiwidiI6IjIuMCIsImtpZCI6IjgwYjg4MWFiLTdmMmItNDUzMy05NzE4LWVjN2FhMjQyYjA4ZSJ9.eyJhdWQiOiJodHRwczovL29hdXRoLnpvb20udXMiLCJ1aWQiOiJHeldhVTAwVVRCZXlrY09TYVFjekN3IiwidmVyIjoxMCwiYXVpZCI6ImU1ZjM1MWQxOWZiZWNiNjMyY2ZlNDUwYjQ0N2FlZDY3MTNiODFmMmVlMGFmZTk1MzE1MDczMDA1NjdjYTQwMjQiLCJuYmYiOjE3NTI4NTAzMDIsImNvZGUiOiJKbzBGZ0JPWklXQ1l0azdrT0dFVEZPX3ZMaFU1Z3RHVGciLCJpc3MiOiJ6bTpjaWQ6dmZXYzhIWXdSdEd5cDdCd0c4ekNlUSIsImdubyI6MCwiZXhwIjoxNzUyODUzOTAyLCJ0eXBlIjowLCJpYXQiOjE3NTI4NTAzMDIsImFpZCI6ImhkamFjMzloVGkyakdxV3hQQi04dncifQ.IJPCKsxefi681N3ti-sIMoDtcYE5pOjS510QkkaG-wkElK1HaeHXjiaq-nGAuXambkAJCe52sqbNz2eRxvPSOw","token_type":"bearer","refresh_token":"eyJzdiI6IjAwMDAwMiIsImFsZyI6IkhTNTEyIiwidiI6IjIuMCIsImtpZCI6IjNiNzljNzk1LTJjMDAtNGM0NS1iNGM2LTNmNmFhMjBmYWJjNSJ9.eyJhdWQiOiJodHRwczovL29hdXRoLnpvb20udXMiLCJ1aWQiOiJHeldhVTAwVVRCZXlrY09TYVFjekN3IiwidmVyIjoxMCwiYXVpZCI6ImU1ZjM1MWQxOWZiZWNiNjMyY2ZlNDUwYjQ0N2FlZDY3MTNiODFmMmVlMGFmZTk1MzE1MDczMDA1NjdjYTQwMjQiLCJuYmYiOjE3NTI4NTAzMDIsImNvZGUiOiJKbzBGZ0JPWklXQ1l0azdrT0dFVEZPX3ZMaFU1Z3RHVGciLCJpc3MiOiJ6bTpjaWQ6dmZXYzhIWXdSdEd5cDdCd0c4ekNlUSIsImdubyI6MCwiZXhwIjoxNzYwNjI2MzAyLCJ0eXBlIjoxLCJpYXQiOjE3NTI4NTAzMDIsImFpZCI6ImhkamFjMzloVGkyakdxV3hQQi04dncifQ.4Js0YFRcxm7Bi8Olqot5ci3h9SqN6nMwrjQ_oUDmzXb06mS3AdB9a-30KBeU23BPKtFupA2rZAX8KbPhaTA-_g","expires_in":3599,"scope":"user:read:user:admin meeting:read:list_meetings:admin meeting:write:meeting:admin meeting:read:meeting:admin meeting:update:meeting:admin meeting:delete:meeting:admin report:read:meeting:admin cloud_recording:read:list_user_recordings:admin cloud_recording:read:list_recording_files:admin","api_url":"https://api-us.zoom.us"}
[2025-07-18T14:51:43.634Z] userInfo {"id":"GzWaU00UTBeykcOSaQczCw","first_name":"Heine","last_name":"Bautz","display_name":"Heine Bautz","email":"bautz.heine@gmail.com","type":1,"role_name":"Owner","pmi":7492473402,"use_pmi":false,"personal_meeting_url":"https://us05web.zoom.us/j/7492473402?pwd=J0cvrvDapgRwyqtdBEK2xfcFACyEbx.1","timezone":"","verified":0,"dept":"","created_at":"2025-07-17T12:46:45Z","last_login_time":"2025-07-18T12:59:33Z","pic_url":"https://us05web.zoom.us/p/v2/dfc45a6debe57f2f553b7bc0590d6ad343a6ffb105ca5874f2c619e23e827750/8299a49a-0ee2-4e0c-a9b7-438fd7491001-264","cms_user_id":"","jid":"gzwau00utbeykcosaqczcw@xmpp.zoom.us","group_ids":[],"im_group_ids":[],"account_id":"hdjac39hTi2jGqWxPB-8vw","language":"en-US","phone_country":"","phone_number":"","status":"active","job_title":"","cost_center":"","location":"","login_types":[1],"role_id":"0","cluster":"us05","user_created_at":"2025-07-17T12:46:45Z"}
[2025-07-18T14:51:43.641Z] stored zoom tokens {"userId":"be9a5419-566a-43af-9f74-ff43cbfc2b25","externalId":"GzWaU00UTBeykcOSaQczCw"}
[2025-07-18T14:51:43.955Z] isZoomConnected {"userId":"be9a5419-566a-43af-9f74-ff43cbfc2b25","connected":true}
[2025-07-18T14:51:43.960Z] isZoomConnected {"userId":"be9a5419-566a-43af-9f74-ff43cbfc2b25","connected":true}
[2025-07-18T14:52:13.863Z] disconnectZoom {"userId":"be9a5419-566a-43af-9f74-ff43cbfc2b25"}
[2025-07-18T14:52:13.870Z] isZoomConnected {"userId":"be9a5419-566a-43af-9f74-ff43cbfc2b25","connected":false}
[2025-07-18T14:52:16.537Z] generateZoomAuthUrl {"userId":"be9a5419-566a-43af-9f74-ff43cbfc2b25","url":"https://zoom.us/oauth/authorize?response_type=code&client_id=vfWc8HYwRtGyp7BwG8zCeQ&redirect_uri=http%3A%2F%2Flocalhost%3A3001%2Fapi%2Fintegrations%2Fzoom%2Fcallback&state=eyJhbGciOiJIUzI1NiIsInR5cCI6IkpXVCJ9.eyJzdWIiOiJiZTlhNTQxOS01NjZhLTQzYWYtOWY3NC1mZjQzY2JmYzJiMjUiLCJpYXQiOjE3NTI4NTAzMzYsImV4cCI6MTc1Mjg1MDkzNn0.ZVuUw4Shz3WVocSGM-KRV8xqecXE7HVJ0wWZ2HkVgeo"}
[2025-07-18T14:52:19.385Z] handleZoomCallback start {"code":"qlRK9qgNxZqlB41xjNcQ-GynKAsJ8iGIA","state":"eyJhbGciOiJIUzI1NiIsInR5cCI6IkpXVCJ9.eyJzdWIiOiJiZTlhNTQxOS01NjZhLTQzYWYtOWY3NC1mZjQzY2JmYzJiMjUiLCJpYXQiOjE3NTI4NTAzMzYsImV4cCI6MTc1Mjg1MDkzNn0.ZVuUw4Shz3WVocSGM-KRV8xqecXE7HVJ0wWZ2HkVgeo"}
[2025-07-18T14:52:19.683Z] token response {"access_token":"eyJzdiI6IjAwMDAwMiIsImFsZyI6IkhTNTEyIiwidiI6IjIuMCIsImtpZCI6ImE0MTdmOWE3LTNhODgtNGQ0MC05MWI4LWEzNGFkYzAyOGVmYiJ9.eyJhdWQiOiJodHRwczovL29hdXRoLnpvb20udXMiLCJ1aWQiOiJHeldhVTAwVVRCZXlrY09TYVFjekN3IiwidmVyIjoxMCwiYXVpZCI6ImU1ZjM1MWQxOWZiZWNiNjMyY2ZlNDUwYjQ0N2FlZDY3MTNiODFmMmVlMGFmZTk1MzE1MDczMDA1NjdjYTQwMjQiLCJuYmYiOjE3NTI4NTAzMzksImNvZGUiOiJxbFJLOXFnTnhacWxCNDF4ak5jUS1HeW5LQXNKOGlHSUEiLCJpc3MiOiJ6bTpjaWQ6dmZXYzhIWXdSdEd5cDdCd0c4ekNlUSIsImdubyI6MCwiZXhwIjoxNzUyODUzOTM5LCJ0eXBlIjowLCJpYXQiOjE3NTI4NTAzMzksImFpZCI6ImhkamFjMzloVGkyakdxV3hQQi04dncifQ.4RatX_bcrycj1B9BVorMhHndrhZdPmPy0g8Cxbl6CAK_oIu-Iu266wR544yah7LbwYejyfCItaRPjIqGgaxTRw","token_type":"bearer","refresh_token":"eyJzdiI6IjAwMDAwMiIsImFsZyI6IkhTNTEyIiwidiI6IjIuMCIsImtpZCI6ImI1MjMzZWMxLTliY2MtNDE5OS1hMzJhLTkyODFkZTM0YWFmYSJ9.eyJhdWQiOiJodHRwczovL29hdXRoLnpvb20udXMiLCJ1aWQiOiJHeldhVTAwVVRCZXlrY09TYVFjekN3IiwidmVyIjoxMCwiYXVpZCI6ImU1ZjM1MWQxOWZiZWNiNjMyY2ZlNDUwYjQ0N2FlZDY3MTNiODFmMmVlMGFmZTk1MzE1MDczMDA1NjdjYTQwMjQiLCJuYmYiOjE3NTI4NTAzMzksImNvZGUiOiJxbFJLOXFnTnhacWxCNDF4ak5jUS1HeW5LQXNKOGlHSUEiLCJpc3MiOiJ6bTpjaWQ6dmZXYzhIWXdSdEd5cDdCd0c4ekNlUSIsImdubyI6MCwiZXhwIjoxNzYwNjI2MzM5LCJ0eXBlIjoxLCJpYXQiOjE3NTI4NTAzMzksImFpZCI6ImhkamFjMzloVGkyakdxV3hQQi04dncifQ.0bC7aN_s6AHCIGEGoUmo4uvZViKHl0pvv5bI5ctjZmwFK3iUz0vI5Meqs71WHBLcU5xJgvGzcGQdv5F5SevRDw","expires_in":3599,"scope":"user:read:user:admin meeting:read:list_meetings:admin meeting:write:meeting:admin meeting:read:meeting:admin meeting:update:meeting:admin meeting:delete:meeting:admin report:read:meeting:admin cloud_recording:read:list_user_recordings:admin cloud_recording:read:list_recording_files:admin","api_url":"https://api-us.zoom.us"}
[2025-07-18T14:52:19.949Z] userInfo {"id":"GzWaU00UTBeykcOSaQczCw","first_name":"Heine","last_name":"Bautz","display_name":"Heine Bautz","email":"bautz.heine@gmail.com","type":1,"role_name":"Owner","pmi":7492473402,"use_pmi":false,"personal_meeting_url":"https://us05web.zoom.us/j/7492473402?pwd=J0cvrvDapgRwyqtdBEK2xfcFACyEbx.1","timezone":"","verified":0,"dept":"","created_at":"2025-07-17T12:46:45Z","last_login_time":"2025-07-18T12:59:33Z","pic_url":"https://us05web.zoom.us/p/v2/dfc45a6debe57f2f553b7bc0590d6ad343a6ffb105ca5874f2c619e23e827750/8299a49a-0ee2-4e0c-a9b7-438fd7491001-264","cms_user_id":"","jid":"gzwau00utbeykcosaqczcw@xmpp.zoom.us","group_ids":[],"im_group_ids":[],"account_id":"hdjac39hTi2jGqWxPB-8vw","language":"en-US","phone_country":"","phone_number":"","status":"active","job_title":"","cost_center":"","location":"","login_types":[1],"role_id":"0","cluster":"us05","user_created_at":"2025-07-17T12:46:45Z"}
[2025-07-18T14:52:19.956Z] stored zoom tokens {"userId":"be9a5419-566a-43af-9f74-ff43cbfc2b25","externalId":"GzWaU00UTBeykcOSaQczCw"}
[2025-07-18T14:52:20.271Z] isZoomConnected {"userId":"be9a5419-566a-43af-9f74-ff43cbfc2b25","connected":true}
[2025-07-18T14:52:20.279Z] isZoomConnected {"userId":"be9a5419-566a-43af-9f74-ff43cbfc2b25","connected":true}
[2025-07-18T14:53:58.996Z] isZoomConnected {"userId":"be9a5419-566a-43af-9f74-ff43cbfc2b25","connected":true}
[2025-07-18T14:57:18.911Z] isZoomConnected {"userId":"be9a5419-566a-43af-9f74-ff43cbfc2b25","connected":true}
[2025-07-18T15:00:04.253Z] isZoomConnected {"userId":"be9a5419-566a-43af-9f74-ff43cbfc2b25","connected":true}
[2025-07-18T15:58:29.114Z] isZoomConnected {"userId":"be9a5419-566a-43af-9f74-ff43cbfc2b25","connected":true}
[2025-07-18T15:58:29.167Z] isZoomConnected {"userId":"be9a5419-566a-43af-9f74-ff43cbfc2b25","connected":true}
[2025-07-18T16:28:24.203Z] isZoomConnected {"userId":"be9a5419-566a-43af-9f74-ff43cbfc2b25","connected":true}
[2025-07-18T16:28:24.242Z] isZoomConnected {"userId":"be9a5419-566a-43af-9f74-ff43cbfc2b25","connected":true}
[2025-07-18T16:28:27.799Z] disconnectZoom {"userId":"be9a5419-566a-43af-9f74-ff43cbfc2b25"}
[2025-07-18T16:28:27.806Z] isZoomConnected {"userId":"be9a5419-566a-43af-9f74-ff43cbfc2b25","connected":false}
[2025-07-18T16:28:28.732Z] generateZoomAuthUrl {"userId":"be9a5419-566a-43af-9f74-ff43cbfc2b25","url":"https://zoom.us/oauth/authorize?response_type=code&client_id=vfWc8HYwRtGyp7BwG8zCeQ&redirect_uri=http%3A%2F%2Flocalhost%3A3001%2Fapi%2Fintegrations%2Fzoom%2Fcallback&state=eyJhbGciOiJIUzI1NiIsInR5cCI6IkpXVCJ9.eyJzdWIiOiJiZTlhNTQxOS01NjZhLTQzYWYtOWY3NC1mZjQzY2JmYzJiMjUiLCJpYXQiOjE3NTI4NTYxMDgsImV4cCI6MTc1Mjg1NjcwOH0.u-hM294ZGGYuWBDFUGG3rp7yfjhNjJk36eRZIlcBeTg"}
[2025-07-18T16:28:31.618Z] handleZoomCallback start {"code":"kYAwHAX8Pm5eXQTxkHaQN2uXGQ18hCyLw","state":"eyJhbGciOiJIUzI1NiIsInR5cCI6IkpXVCJ9.eyJzdWIiOiJiZTlhNTQxOS01NjZhLTQzYWYtOWY3NC1mZjQzY2JmYzJiMjUiLCJpYXQiOjE3NTI4NTYxMDgsImV4cCI6MTc1Mjg1NjcwOH0.u-hM294ZGGYuWBDFUGG3rp7yfjhNjJk36eRZIlcBeTg"}
[2025-07-18T16:28:32.106Z] token response {"access_token":"eyJzdiI6IjAwMDAwMiIsImFsZyI6IkhTNTEyIiwidiI6IjIuMCIsImtpZCI6ImVkZWNiN2VhLWFlMzEtNDM4OC1iYTcwLTQ1ODRiOTliZmQxMyJ9.eyJhdWQiOiJodHRwczovL29hdXRoLnpvb20udXMiLCJ1aWQiOiJHeldhVTAwVVRCZXlrY09TYVFjekN3IiwidmVyIjoxMCwiYXVpZCI6ImU1ZjM1MWQxOWZiZWNiNjMyY2ZlNDUwYjQ0N2FlZDY3MTNiODFmMmVlMGFmZTk1MzE1MDczMDA1NjdjYTQwMjQiLCJuYmYiOjE3NTI4NTYxMTIsImNvZGUiOiJrWUF3SEFYOFBtNWVYUVR4a0hhUU4ydVhHUTE4aEN5THciLCJpc3MiOiJ6bTpjaWQ6dmZXYzhIWXdSdEd5cDdCd0c4ekNlUSIsImdubyI6MCwiZXhwIjoxNzUyODU5NzEyLCJ0eXBlIjowLCJpYXQiOjE3NTI4NTYxMTIsImFpZCI6ImhkamFjMzloVGkyakdxV3hQQi04dncifQ.0aG0kMGuKK-ZWj5iLCek2Waq8KvCILVfcaLdqyazzdVHutZxXCF00mMMlnGBGhhiU0UwIYiTf8kvQp0oLulgkQ","token_type":"bearer","refresh_token":"eyJzdiI6IjAwMDAwMiIsImFsZyI6IkhTNTEyIiwidiI6IjIuMCIsImtpZCI6IjkwN2UzYmVkLTdiNGYtNDMxZi05NDJkLTkxNWJkZDA5MGNmZiJ9.eyJhdWQiOiJodHRwczovL29hdXRoLnpvb20udXMiLCJ1aWQiOiJHeldhVTAwVVRCZXlrY09TYVFjekN3IiwidmVyIjoxMCwiYXVpZCI6ImU1ZjM1MWQxOWZiZWNiNjMyY2ZlNDUwYjQ0N2FlZDY3MTNiODFmMmVlMGFmZTk1MzE1MDczMDA1NjdjYTQwMjQiLCJuYmYiOjE3NTI4NTYxMTIsImNvZGUiOiJrWUF3SEFYOFBtNWVYUVR4a0hhUU4ydVhHUTE4aEN5THciLCJpc3MiOiJ6bTpjaWQ6dmZXYzhIWXdSdEd5cDdCd0c4ekNlUSIsImdubyI6MCwiZXhwIjoxNzYwNjMyMTEyLCJ0eXBlIjoxLCJpYXQiOjE3NTI4NTYxMTIsImFpZCI6ImhkamFjMzloVGkyakdxV3hQQi04dncifQ.ALShc1oi1QRqRrlo9GwUHDAjmUJJQRwhaZ4VsOZkVjV-w0QBHbOrcgNGKvgQrI_y50il1pNjjfMUcG-W5kETUQ","expires_in":3599,"scope":"user:read:user:admin meeting:read:list_meetings:admin meeting:write:meeting:admin meeting:read:meeting:admin meeting:update:meeting:admin meeting:delete:meeting:admin report:read:meeting:admin cloud_recording:read:list_user_recordings:admin cloud_recording:read:list_recording_files:admin","api_url":"https://api-us.zoom.us"}
[2025-07-18T16:28:32.528Z] userInfo {"id":"GzWaU00UTBeykcOSaQczCw","first_name":"Heine","last_name":"Bautz","display_name":"Heine Bautz","email":"bautz.heine@gmail.com","type":1,"role_name":"Owner","pmi":7492473402,"use_pmi":false,"personal_meeting_url":"https://us05web.zoom.us/j/7492473402?pwd=J0cvrvDapgRwyqtdBEK2xfcFACyEbx.1","timezone":"","verified":0,"dept":"","created_at":"2025-07-17T12:46:45Z","last_login_time":"2025-07-18T12:59:33Z","pic_url":"https://us05web.zoom.us/p/v2/dfc45a6debe57f2f553b7bc0590d6ad343a6ffb105ca5874f2c619e23e827750/8299a49a-0ee2-4e0c-a9b7-438fd7491001-264","cms_user_id":"","jid":"gzwau00utbeykcosaqczcw@xmpp.zoom.us","group_ids":[],"im_group_ids":[],"account_id":"hdjac39hTi2jGqWxPB-8vw","language":"en-US","phone_country":"","phone_number":"","status":"active","job_title":"","cost_center":"","location":"","login_types":[1],"role_id":"0","cluster":"us05","user_created_at":"2025-07-17T12:46:45Z"}
[2025-07-18T16:28:32.535Z] stored zoom tokens {"userId":"be9a5419-566a-43af-9f74-ff43cbfc2b25","externalId":"GzWaU00UTBeykcOSaQczCw"}
[2025-07-18T16:28:32.854Z] isZoomConnected {"userId":"be9a5419-566a-43af-9f74-ff43cbfc2b25","connected":true}
[2025-07-18T16:28:32.867Z] isZoomConnected {"userId":"be9a5419-566a-43af-9f74-ff43cbfc2b25","connected":true}
[2025-07-19T11:16:59.183Z] isZoomConnected {"userId":"be9a5419-566a-43af-9f74-ff43cbfc2b25","connected":true}
[2025-07-19T11:52:38.776Z] isZoomConnected {"userId":"be9a5419-566a-43af-9f74-ff43cbfc2b25","connected":true}
[2025-07-19T11:52:38.811Z] isZoomConnected {"userId":"be9a5419-566a-43af-9f74-ff43cbfc2b25","connected":true}
[2025-07-19T12:00:53.609Z] isZoomConnected {"userId":"be9a5419-566a-43af-9f74-ff43cbfc2b25","connected":true}
[2025-07-19T12:00:53.642Z] isZoomConnected {"userId":"be9a5419-566a-43af-9f74-ff43cbfc2b25","connected":true}
[2025-07-19T12:11:09.132Z] isZoomConnected {"userId":"be9a5419-566a-43af-9f74-ff43cbfc2b25","connected":true}
[2025-07-19T12:11:09.166Z] isZoomConnected {"userId":"be9a5419-566a-43af-9f74-ff43cbfc2b25","connected":true}
[2025-07-19T12:13:07.836Z] isZoomConnected {"userId":"be9a5419-566a-43af-9f74-ff43cbfc2b25","connected":true}
[2025-07-19T12:13:07.863Z] isZoomConnected {"userId":"be9a5419-566a-43af-9f74-ff43cbfc2b25","connected":true}
[2025-07-19T12:15:20.742Z] isZoomConnected {"userId":"be9a5419-566a-43af-9f74-ff43cbfc2b25","connected":true}
[2025-07-19T12:15:20.775Z] isZoomConnected {"userId":"be9a5419-566a-43af-9f74-ff43cbfc2b25","connected":true}
[2025-07-19T12:18:09.381Z] isZoomConnected {"userId":"be9a5419-566a-43af-9f74-ff43cbfc2b25","connected":true}
[2025-07-19T12:18:09.434Z] isZoomConnected {"userId":"be9a5419-566a-43af-9f74-ff43cbfc2b25","connected":true}
[2025-07-19T12:58:26.383Z] isZoomConnected {"userId":"be9a5419-566a-43af-9f74-ff43cbfc2b25","connected":true}
[2025-07-19T12:58:26.420Z] isZoomConnected {"userId":"be9a5419-566a-43af-9f74-ff43cbfc2b25","connected":true}
[2025-07-19T13:16:47.431Z] isZoomConnected {"userId":"be9a5419-566a-43af-9f74-ff43cbfc2b25","connected":true}
[2025-07-19T13:17:04.090Z] isZoomConnected {"userId":"be9a5419-566a-43af-9f74-ff43cbfc2b25","connected":true}
[2025-07-19T13:18:55.087Z] isZoomConnected {"userId":"be9a5419-566a-43af-9f74-ff43cbfc2b25","connected":true}
[2025-07-19T13:18:55.121Z] isZoomConnected {"userId":"be9a5419-566a-43af-9f74-ff43cbfc2b25","connected":true}
[2025-07-19T13:19:52.916Z] isZoomConnected {"userId":"be9a5419-566a-43af-9f74-ff43cbfc2b25","connected":true}
[2025-07-19T13:19:52.953Z] isZoomConnected {"userId":"be9a5419-566a-43af-9f74-ff43cbfc2b25","connected":true}
[2025-07-19T13:21:04.366Z] isZoomConnected {"userId":"be9a5419-566a-43af-9f74-ff43cbfc2b25","connected":true}
[2025-07-19T13:21:04.403Z] isZoomConnected {"userId":"be9a5419-566a-43af-9f74-ff43cbfc2b25","connected":true}
[2025-07-19T13:22:10.096Z] isZoomConnected {"userId":"be9a5419-566a-43af-9f74-ff43cbfc2b25","connected":true}
[2025-07-19T13:22:10.141Z] isZoomConnected {"userId":"be9a5419-566a-43af-9f74-ff43cbfc2b25","connected":true}
[2025-07-19T13:28:04.043Z] isZoomConnected {"userId":"be9a5419-566a-43af-9f74-ff43cbfc2b25","connected":true}
[2025-07-19T13:28:04.063Z] isZoomConnected {"userId":"be9a5419-566a-43af-9f74-ff43cbfc2b25","connected":true}
[2025-07-20T10:45:59.761Z] isZoomConnected {"userId":"be9a5419-566a-43af-9f74-ff43cbfc2b25","connected":true}
[2025-07-20T10:45:59.778Z] isZoomConnected {"userId":"be9a5419-566a-43af-9f74-ff43cbfc2b25","connected":true}
[2025-07-20T11:05:00.787Z] isZoomConnected {"userId":"be9a5419-566a-43af-9f74-ff43cbfc2b25","connected":true}
[2025-07-20T11:05:00.811Z] isZoomConnected {"userId":"be9a5419-566a-43af-9f74-ff43cbfc2b25","connected":true}
[2025-07-20T11:37:22.403Z] isZoomConnected {"userId":"be9a5419-566a-43af-9f74-ff43cbfc2b25","connected":true}
[2025-07-20T11:37:22.429Z] isZoomConnected {"userId":"be9a5419-566a-43af-9f74-ff43cbfc2b25","connected":true}
[2025-07-20T11:50:43.045Z] isZoomConnected {"userId":"be9a5419-566a-43af-9f74-ff43cbfc2b25","connected":true}
[2025-07-20T11:50:43.084Z] isZoomConnected {"userId":"be9a5419-566a-43af-9f74-ff43cbfc2b25","connected":true}
[2025-07-20T16:28:40.728Z] isZoomConnected {"userId":"be9a5419-566a-43af-9f74-ff43cbfc2b25","connected":true}
[2025-07-20T16:28:40.746Z] isZoomConnected {"userId":"be9a5419-566a-43af-9f74-ff43cbfc2b25","connected":true}
[2025-07-20T16:46:50.169Z] isZoomConnected {"userId":"be9a5419-566a-43af-9f74-ff43cbfc2b25","connected":true}
[2025-07-20T16:46:50.211Z] isZoomConnected {"userId":"be9a5419-566a-43af-9f74-ff43cbfc2b25","connected":true}
[2025-07-23T15:19:30.155Z] isZoomConnected {"userId":"f5f4ed39-3ec4-4950-b351-e60de204b75c","connected":false}
[2025-07-23T15:19:30.173Z] isZoomConnected {"userId":"f5f4ed39-3ec4-4950-b351-e60de204b75c","connected":false}
[2025-07-23T15:19:33.307Z] generateZoomAuthUrl {"userId":"f5f4ed39-3ec4-4950-b351-e60de204b75c","url":"https://zoom.us/oauth/authorize?response_type=code&client_id=vfWc8HYwRtGyp7BwG8zCeQ&redirect_uri=http%3A%2F%2Flocalhost%3A3001%2Fapi%2Fintegrations%2Fzoom%2Fcallback&state=eyJhbGciOiJIUzI1NiIsInR5cCI6IkpXVCJ9.eyJzdWIiOiJmNWY0ZWQzOS0zZWM0LTQ5NTAtYjM1MS1lNjBkZTIwNGI3NWMiLCJpYXQiOjE3NTMyODM5NzMsImV4cCI6MTc1MzI4NDU3M30.rrABujI_bqgk3qlHQ1GLQw_0uUmYYr857AcUVqAn78A"}
[2025-07-23T15:20:27.750Z] isZoomConnected {"userId":"f5f4ed39-3ec4-4950-b351-e60de204b75c","connected":false}
[2025-07-23T15:20:27.801Z] isZoomConnected {"userId":"f5f4ed39-3ec4-4950-b351-e60de204b75c","connected":false}
[2025-07-23T15:20:29.695Z] generateZoomAuthUrl {"userId":"f5f4ed39-3ec4-4950-b351-e60de204b75c","url":"https://zoom.us/oauth/authorize?response_type=code&client_id=vfWc8HYwRtGyp7BwG8zCeQ&redirect_uri=http%3A%2F%2Flocalhost%3A3001%2Fapi%2Fintegrations%2Fzoom%2Fcallback&state=eyJhbGciOiJIUzI1NiIsInR5cCI6IkpXVCJ9.eyJzdWIiOiJmNWY0ZWQzOS0zZWM0LTQ5NTAtYjM1MS1lNjBkZTIwNGI3NWMiLCJpYXQiOjE3NTMyODQwMjksImV4cCI6MTc1MzI4NDYyOX0.g4koUJxP6DcwnqozSpW7OfdF0If_UzeZloPeh8k2jLY"}
[2025-07-23T15:21:13.890Z] isZoomConnected {"userId":"f5f4ed39-3ec4-4950-b351-e60de204b75c","connected":false}
[2025-07-23T15:21:13.896Z] isZoomConnected {"userId":"f5f4ed39-3ec4-4950-b351-e60de204b75c","connected":false}
[2025-07-23T15:21:22.962Z] isZoomConnected {"userId":"f5f4ed39-3ec4-4950-b351-e60de204b75c","connected":false}
[2025-07-23T15:21:22.966Z] isZoomConnected {"userId":"f5f4ed39-3ec4-4950-b351-e60de204b75c","connected":false}
[2025-07-23T15:32:52.429Z] isZoomConnected {"userId":"f5f4ed39-3ec4-4950-b351-e60de204b75c","connected":false}
[2025-07-23T15:32:52.469Z] isZoomConnected {"userId":"f5f4ed39-3ec4-4950-b351-e60de204b75c","connected":false}
[2025-07-23T15:32:54.061Z] generateZoomAuthUrl {"userId":"f5f4ed39-3ec4-4950-b351-e60de204b75c","url":"https://zoom.us/oauth/authorize?response_type=code&client_id=vfWc8HYwRtGyp7BwG8zCeQ&redirect_uri=http%3A%2F%2Flocalhost%3A3001%2Fapi%2Fintegrations%2Fzoom%2Fcallback&state=eyJhbGciOiJIUzI1NiIsInR5cCI6IkpXVCJ9.eyJzdWIiOiJmNWY0ZWQzOS0zZWM0LTQ5NTAtYjM1MS1lNjBkZTIwNGI3NWMiLCJpYXQiOjE3NTMyODQ3NzQsImV4cCI6MTc1MzI4NTM3NH0.cKkgd46KZ0eHj3to2VSbEL1yxUCq3wCKtQl7tha3zYU"}
[2025-07-23T15:33:09.786Z] handleZoomCallback start {"code":"JjXevagW5OQ3hUkwv26SvqWhaCfC8XbJA","state":"eyJhbGciOiJIUzI1NiIsInR5cCI6IkpXVCJ9.eyJzdWIiOiJmNWY0ZWQzOS0zZWM0LTQ5NTAtYjM1MS1lNjBkZTIwNGI3NWMiLCJpYXQiOjE3NTMyODQ3NzQsImV4cCI6MTc1MzI4NTM3NH0.cKkgd46KZ0eHj3to2VSbEL1yxUCq3wCKtQl7tha3zYU"}
[2025-07-23T15:33:10.218Z] token response {"access_token":"eyJzdiI6IjAwMDAwMiIsImFsZyI6IkhTNTEyIiwidiI6IjIuMCIsImtpZCI6Ijk4ZWZkNGI1LTE3NjctNGQxMC1iYzlmLTkxMTMzODI4MDRiNiJ9.eyJhdWQiOiJodHRwczovL29hdXRoLnpvb20udXMiLCJ1aWQiOiJHeldhVTAwVVRCZXlrY09TYVFjekN3IiwidmVyIjoxMCwiYXVpZCI6ImU1ZjM1MWQxOWZiZWNiNjMyY2ZlNDUwYjQ0N2FlZDY3MTNiODFmMmVlMGFmZTk1MzE1MDczMDA1NjdjYTQwMjQiLCJuYmYiOjE3NTMyODQ3OTAsImNvZGUiOiJKalhldmFnVzVPUTNoVWt3djI2U3ZxV2hhQ2ZDOFhiSkEiLCJpc3MiOiJ6bTpjaWQ6dmZXYzhIWXdSdEd5cDdCd0c4ekNlUSIsImdubyI6MCwiZXhwIjoxNzUzMjg4MzkwLCJ0eXBlIjowLCJpYXQiOjE3NTMyODQ3OTAsImFpZCI6ImhkamFjMzloVGkyakdxV3hQQi04dncifQ.p14VdeyPysFynCPHfAcNEi1TVKUdN-WjUCiWV-5aEFf-2FAFWgPOjNxJXl3ChCD8eAxEWtO7INYeiYkrs7w2jA","token_type":"bearer","refresh_token":"eyJzdiI6IjAwMDAwMiIsImFsZyI6IkhTNTEyIiwidiI6IjIuMCIsImtpZCI6ImQxNzdkZGI2LWU3YmUtNDYzNS1hODFiLTgyMTg1YmY0Y2FkYiJ9.eyJhdWQiOiJodHRwczovL29hdXRoLnpvb20udXMiLCJ1aWQiOiJHeldhVTAwVVRCZXlrY09TYVFjekN3IiwidmVyIjoxMCwiYXVpZCI6ImU1ZjM1MWQxOWZiZWNiNjMyY2ZlNDUwYjQ0N2FlZDY3MTNiODFmMmVlMGFmZTk1MzE1MDczMDA1NjdjYTQwMjQiLCJuYmYiOjE3NTMyODQ3OTAsImNvZGUiOiJKalhldmFnVzVPUTNoVWt3djI2U3ZxV2hhQ2ZDOFhiSkEiLCJpc3MiOiJ6bTpjaWQ6dmZXYzhIWXdSdEd5cDdCd0c4ekNlUSIsImdubyI6MCwiZXhwIjoxNzYxMDYwNzkwLCJ0eXBlIjoxLCJpYXQiOjE3NTMyODQ3OTAsImFpZCI6ImhkamFjMzloVGkyakdxV3hQQi04dncifQ.Hwi-zqerNVCbEsatmRIqr4SEWGe3xY30zWQ_tyBh2Ek9fbpIMIP9xdnJh0r0l8CpvHVmpBU7_oYfMxxpNtbGLA","expires_in":3599,"scope":"user:read:user:admin meeting:read:list_meetings:admin meeting:write:meeting:admin meeting:read:meeting:admin meeting:update:meeting:admin meeting:delete:meeting:admin report:read:meeting:admin cloud_recording:read:list_user_recordings:admin cloud_recording:read:list_recording_files:admin","api_url":"https://api-us.zoom.us"}
[2025-07-23T15:33:10.597Z] userInfo {"id":"GzWaU00UTBeykcOSaQczCw","first_name":"Heine","last_name":"Bautz","display_name":"Heine Bautz","email":"bautz.heine@gmail.com","type":1,"role_name":"Owner","pmi":7492473402,"use_pmi":false,"personal_meeting_url":"https://us05web.zoom.us/j/7492473402?pwd=J0cvrvDapgRwyqtdBEK2xfcFACyEbx.1","timezone":"","verified":0,"dept":"","created_at":"2025-07-17T12:46:45Z","last_login_time":"2025-07-23T15:33:06Z","pic_url":"https://us05web.zoom.us/p/v2/dfc45a6debe57f2f553b7bc0590d6ad343a6ffb105ca5874f2c619e23e827750/8299a49a-0ee2-4e0c-a9b7-438fd7491001-264","cms_user_id":"","jid":"gzwau00utbeykcosaqczcw@xmpp.zoom.us","group_ids":[],"im_group_ids":[],"account_id":"hdjac39hTi2jGqWxPB-8vw","language":"en-US","phone_country":"","phone_number":"","status":"active","job_title":"","cost_center":"","location":"","login_types":[1],"role_id":"0","cluster":"us05","user_created_at":"2025-07-17T12:46:45Z"}
[2025-07-23T15:33:10.602Z] stored zoom tokens {"userId":"f5f4ed39-3ec4-4950-b351-e60de204b75c","externalId":"GzWaU00UTBeykcOSaQczCw"}
[2025-07-23T15:33:10.911Z] isZoomConnected {"userId":"f5f4ed39-3ec4-4950-b351-e60de204b75c","connected":true}
[2025-07-23T15:33:10.914Z] isZoomConnected {"userId":"f5f4ed39-3ec4-4950-b351-e60de204b75c","connected":true}
[2025-07-23T16:01:14.870Z] isZoomConnected {"userId":"f5f4ed39-3ec4-4950-b351-e60de204b75c","connected":true}
[2025-07-23T16:01:14.915Z] isZoomConnected {"userId":"f5f4ed39-3ec4-4950-b351-e60de204b75c","connected":true}
[2025-07-23T16:09:24.343Z] isZoomConnected {"userId":"f5f4ed39-3ec4-4950-b351-e60de204b75c","connected":true}
[2025-07-23T16:09:24.376Z] isZoomConnected {"userId":"f5f4ed39-3ec4-4950-b351-e60de204b75c","connected":true}
[2025-07-23T16:16:28.511Z] isZoomConnected {"userId":"f5f4ed39-3ec4-4950-b351-e60de204b75c","connected":true}
[2025-07-23T16:16:28.556Z] isZoomConnected {"userId":"f5f4ed39-3ec4-4950-b351-e60de204b75c","connected":true}
[2025-07-23T16:25:16.594Z] isZoomConnected {"userId":"f5f4ed39-3ec4-4950-b351-e60de204b75c","connected":true}
[2025-07-23T16:25:16.630Z] isZoomConnected {"userId":"f5f4ed39-3ec4-4950-b351-e60de204b75c","connected":true}
[2025-07-23T16:32:02.676Z] isZoomConnected {"userId":"f5f4ed39-3ec4-4950-b351-e60de204b75c","connected":true}
[2025-07-23T16:32:02.716Z] isZoomConnected {"userId":"f5f4ed39-3ec4-4950-b351-e60de204b75c","connected":true}
[2025-07-23T16:43:00.196Z] isZoomConnected {"userId":"f5f4ed39-3ec4-4950-b351-e60de204b75c","connected":true}
[2025-07-23T16:43:00.231Z] isZoomConnected {"userId":"f5f4ed39-3ec4-4950-b351-e60de204b75c","connected":true}
[2025-07-23T16:52:55.444Z] isZoomConnected {"userId":"f5f4ed39-3ec4-4950-b351-e60de204b75c","connected":true}
[2025-07-23T16:52:55.485Z] isZoomConnected {"userId":"f5f4ed39-3ec4-4950-b351-e60de204b75c","connected":true}
